<?xml version="1.0" encoding="UTF-8"?>
<testng-results skipped="0" failed="0" ignored="0" total="1" passed="1">
  <reporter-output>
    <line>
      <![CDATA[<div "result">I navigate to google homepage (PASSED : 1s)</div>]]>
    </line>
    <line>
      <![CDATA[<div "result">I enter a keyword to search (PASSED : 0s)</div>]]>
    </line>
    <line>
      <![CDATA[<div "result">I click on the search button (PASSED : 1s)</div>]]>
    </line>
    <line>
      <![CDATA[<div "result">I should be abble to see the title contains the keyword (PASSED : 0s)</div>]]>
    </line>
  </reporter-output>
  <suite name="Default suite" duration-ms="6715" started-at="2018-02-25T19:50:44Z" finished-at="2018-02-25T19:50:51Z">
    <groups>
      <group name="cucumber">
        <method signature="AbstractTestNGCucumberTests.runScenario(cucumber.api.testng.PickleEventWrapper, cucumber.api.testng.CucumberFeatureWrapper)[pri:0, instance:runnerPackage.TestRunner5@73ad2d6]" name="runScenario" class="cucumber.api.testng.AbstractTestNGCucumberTests"/>
      </group> <!-- cucumber -->
    </groups>
    <test name="Default test" duration-ms="6715" started-at="2018-02-25T19:50:44Z" finished-at="2018-02-25T19:50:51Z">
      <class name="runnerPackage.TestRunner5">
        <test-method status="PASS" signature="setUp()[pri:0, instance:runnerPackage.TestRunner5@73ad2d6]" name="setUp" is-config="true" duration-ms="3101" started-at="2018-02-25T19:50:44Z" finished-at="2018-02-25T19:50:48Z">
          <reporter-output>
          </reporter-output>
        </test-method> <!-- setUp -->
        <test-method status="PASS" signature="setUpClass()[pri:0, instance:runnerPackage.TestRunner5@73ad2d6]" name="setUpClass" is-config="true" duration-ms="217" started-at="2018-02-25T19:50:48Z" finished-at="2018-02-25T19:50:48Z">
          <reporter-output>
          </reporter-output>
        </test-method> <!-- setUpClass -->
        <test-method status="PASS" signature="runScenario(cucumber.api.testng.PickleEventWrapper, cucumber.api.testng.CucumberFeatureWrapper)[pri:0, instance:runnerPackage.TestRunner5@73ad2d6]" name="runScenario" duration-ms="3351" started-at="2018-02-25T19:50:48Z" description="Runs Cucumber Scenarios" data-provider="scenarios" finished-at="2018-02-25T19:50:51Z">
          <params>
            <param index="0">
              <value>
                <![CDATA["User searches an item on Google and check if the title matches the keyword"]]>
              </value>
            </param>
            <param index="1">
              <value>
                <![CDATA["This is just a test feature for cucumber"]]>
              </value>
            </param>
          </params>
          <reporter-output>
            <line>
              <![CDATA[<div "result">I navigate to google homepage (PASSED : 1s)</div>]]>
            </line>
            <line>
              <![CDATA[<div "result">I enter a keyword to search (PASSED : 0s)</div>]]>
            </line>
            <line>
              <![CDATA[<div "result">I click on the search button (PASSED : 1s)</div>]]>
            </line>
            <line>
              <![CDATA[<div "result">I should be abble to see the title contains the keyword (PASSED : 0s)</div>]]>
            </line>
          </reporter-output>
        </test-method> <!-- runScenario -->
        <test-method status="PASS" signature="tearDownClass()[pri:0, instance:runnerPackage.TestRunner5@73ad2d6]" name="tearDownClass" is-config="true" duration-ms="5" started-at="2018-02-25T19:50:51Z" finished-at="2018-02-25T19:50:51Z">
          <reporter-output>
          </reporter-output>
        </test-method> <!-- tearDownClass -->
      </class> <!-- runnerPackage.TestRunner5 -->
    </test> <!-- Default test -->
  </suite> <!-- Default suite -->
</testng-results>
